gpuimage/build/outputs/logs/manifest-merger-debug-report.txt
-- Merging decision tree log ---
manifest
ADDED from GpuCamera/gpuimage/AndroidManifest.xml:2:1-4:12
INJECTED from GpuCamera/gpuimage/AndroidManifest.xml:2:1-4:12
INJECTED from GpuCamera/gpuimage/AndroidManifest.xml:2:1-4:12
INJECTED from GpuCamera/gpuimage/AndroidManifest.xml:2:1-4:12
INJECTED from GpuCamera/gpuimage/AndroidManifest.xml:2:1-4:12
INJECTED from GpuCamera/gpuimage/AndroidManifest.xml:2:1-4:12
INJECTED from GpuCamera/gpuimage/AndroidManifest.xml:2:1-4:12
	package
		ADDED from GpuCamera/gpuimage/AndroidManifest.xml:3:5-48
		INJECTED from GpuCamera/gpuimage/AndroidManifest.xml
		INJECTED from GpuCamera/gpuimage/AndroidManifest.xml
	android:versionName
		INJECTED from GpuCamera/gpuimage/AndroidManifest.xml
		ADDED from GpuCamera/gpuimage/AndroidManifest.xml:2:1-4:12
		INJECTED from GpuCamera/gpuimage/AndroidManifest.xml
	android:versionCode
		INJECTED from GpuCamera/gpuimage/AndroidManifest.xml
		ADDED from GpuCamera/gpuimage/AndroidManifest.xml:2:1-4:12
		INJECTED from GpuCamera/gpuimage/AndroidManifest.xml
uses-sdk
INJECTED from GpuCamera/gpuimage/AndroidManifest.xml reason: use-sdk injection requested
INJECTED from GpuCamera/gpuimage/AndroidManifest.xml
INJECTED from GpuCamera/gpuimage/AndroidManifest.xml
INJECTED from GpuCamera/gpuimage/AndroidManifest.xml
INJECTED from GpuCamera/gpuimage/AndroidManifest.xml
	android:targetSdkVersion
		INJECTED from GpuCamera/gpuimage/AndroidManifest.xml
		ADDED from GpuCamera/gpuimage/AndroidManifest.xml
		INJECTED from GpuCamera/gpuimage/AndroidManifest.xml
	android:minSdkVersion
		INJECTED from GpuCamera/gpuimage/AndroidManifest.xml
		ADDED from GpuCamera/gpuimage/AndroidManifest.xml
		INJECTED from GpuCamera/gpuimage/AndroidManifest.xml